<?xml version="1.0" encoding="UTF-8"?>
<!-- Generated by org.testng.reporters.JUnitReportReporter -->
<testsuite hostname="LTIN192574" failures="0" tests="5" name="TestCases.TC_003_GiftCards" time="134.550" errors="0" timestamp="2024-02-15T12:30:30 IST" skipped="0">
  <testcase classname="TestCases.TC_003_GiftCards" name="searchbookshelves" time="45.009"/>
  <testcase classname="TestCases.TC_003_GiftCards" name="Items" time="16.059"/>
  <testcase classname="TestCases.TC_003_GiftCards" name="ClickGiftCards" time="40.141"/>
  <testcase classname="TestCases.TC_003_GiftCards" name="GetErrorMsg" time="13.196"/>
  <testcase classname="TestCases.TC_003_GiftCards" name="ValidateDetails" time="20.145"/>
</testsuite> <!-- TestCases.TC_003_GiftCards -->
